> Task :app:checkKotlinGradlePluginConfigurationErrors SKIPPED
> Task :app:preBuild UP-TO-DATE
> Task :app:preDebugBuild UP-TO-DATE
> Task :app:checkDebugAarMetadata UP-TO-DATE
> Task :app:processDebugNavigationResources UP-TO-DATE
> Task :app:compileDebugNavigationResources UP-TO-DATE
> Task :app:generateDebugResValues UP-TO-DATE
> Task :app:mapDebugSourceSetPaths UP-TO-DATE
> Task :app:generateDebugResources UP-TO-DATE
> Task :app:mergeDebugResources UP-TO-DATE
> Task :app:packageDebugResources UP-TO-DATE
> Task :app:parseDebugLocalResources UP-TO-DATE
> Task :app:createDebugCompatibleScreenManifests UP-TO-DATE
> Task :app:extractDeepLinksDebug UP-TO-DATE
> Task :app:processDebugMainManifest UP-TO-DATE
> Task :app:processDebugManifest UP-TO-DATE
> Task :app:processDebugManifestForPackage UP-TO-DATE
> Task :app:processDebugResources UP-TO-DATE

> Task :app:compileDebugKotlin FAILED
e: file:///C:/Users/Nippo/AndroidStudioProjects/NeuroBoost/app/src/main/java/keio/nipori/neuroboost/viewmodels/MathGameViewModel.kt:31:36 Cannot infer type for this parameter. Please specify it explicitly.
e: file:///C:/Users/Nippo/AndroidStudioProjects/NeuroBoost/app/src/main/java/keio/nipori/neuroboost/viewmodels/MathGameViewModel.kt:31:36 Not enough information to infer type argument for 'T'.
e: file:///C:/Users/Nippo/AndroidStudioProjects/NeuroBoost/app/src/main/java/keio/nipori/neuroboost/viewmodels/MathGameViewModel.kt:31:36 Cannot infer type for this parameter. Please specify it explicitly.
e: file:///C:/Users/Nippo/AndroidStudioProjects/NeuroBoost/app/src/main/java/keio/nipori/neuroboost/viewmodels/MathGameViewModel.kt:31:36 Property delegate must have a 'getValue(MathGameViewModel, KProperty1<MathGameViewModel, ERROR CLASS: Cannot infer argument for type parameter T>)' method. None of the following functions is applicable:
fun <T> Lazy<T>.getValue(thisRef: Any?, property: KProperty<*>): T
e: file:///C:/Users/Nippo/AndroidStudioProjects/NeuroBoost/app/src/main/java/keio/nipori/neuroboost/viewmodels/MathGameViewModel.kt:31:36 Not enough information to infer type argument for 'T'.
e: file:///C:/Users/Nippo/AndroidStudioProjects/NeuroBoost/app/src/main/java/keio/nipori/neuroboost/viewmodels/MathGameViewModel.kt:31:41 Cannot infer type for this parameter. Please specify it explicitly.
e: file:///C:/Users/Nippo/AndroidStudioProjects/NeuroBoost/app/src/main/java/keio/nipori/neuroboost/viewmodels/MathGameViewModel.kt:31:43 Unresolved reference 'ProgressManager'.
e: file:///C:/Users/Nippo/AndroidStudioProjects/NeuroBoost/app/src/main/java/keio/nipori/neuroboost/viewmodels/MathGameViewModel.kt:173:9 Unresolved reference 'timerJob'.
e: file:///C:/Users/Nippo/AndroidStudioProjects/NeuroBoost/app/src/main/java/keio/nipori/neuroboost/viewmodels/MathGameViewModel.kt:174:9 Unresolved reference 'timerJob'.
e: file:///C:/Users/Nippo/AndroidStudioProjects/NeuroBoost/app/src/main/java/keio/nipori/neuroboost/viewmodels/MathGameViewModel.kt:199:30 Unresolved reference 'markProblemSolved'.
e: file:///C:/Users/Nippo/AndroidStudioProjects/NeuroBoost/app/src/main/java/keio/nipori/neuroboost/viewmodels/MathGameViewModel.kt:202:9 Unresolved reference 'timerJob'.
e: file:///C:/Users/Nippo/AndroidStudioProjects/NeuroBoost/app/src/main/java/keio/nipori/neuroboost/viewmodels/MathGameViewModel.kt:206:9 Unresolved reference 'timerJob'.
e: file:///C:/Users/Nippo/AndroidStudioProjects/NeuroBoost/app/src/main/java/keio/nipori/neuroboost/viewmodels/MathGameViewModel.kt:214:9 Unresolved reference 'timerJob'.

FAILURE: Build failed with an exception.

* What went wrong:
Execution failed for task ':app:compileDebugKotlin'.
> A failure occurred while executing org.jetbrains.kotlin.compilerRunner.GradleCompilerRunnerWithWorkers$GradleKotlinCompilerWorkAction
   > Compilation error. See log for more details

* Try:
> Run with --stacktrace option to get the stack trace.
> Run with --info or --debug option to get more log output.
16 actionable tasks: 1 executed, 15 up-to-date
> Run with --scan to get full insights.
> Get more help at https://help.gradle.org.

BUILD FAILED in 2s
